--------------------------------------------------------------------------
mpiexec was unable to launch the specified application as it could not access
or execute an executable:

Executable: /homes/DMA/PDC/2024/SSVLSN00P/Progetto1/progetto1
Node: wn274.scope.unina.it

while attempting to start process rank 1.
--------------------------------------------------------------------------
--------------------------------------------------------------------------
mpiexec was unable to launch the specified application as it could not access
or execute an executable:

Executable: /homes/DMA/PDC/2024/SSVLSN00P/Progetto1/progetto1
Node: wn273.scope.unina.it

while attempting to start process rank 0.
--------------------------------------------------------------------------
--------------------------------------------------------------------------
mpiexec was unable to launch the specified application as it could not access
or execute an executable:

Executable: /homes/DMA/PDC/2024/SSVLSN00P/Progetto1/progetto1
Node: wn276.scope.unina.it

while attempting to start process rank 3.
--------------------------------------------------------------------------
--------------------------------------------------------------------------
mpiexec was unable to launch the specified application as it could not access
or execute an executable:

Executable: /homes/DMA/PDC/2024/SSVLSN00P/Progetto1/progetto1
Node: wn274.scope.unina.it

while attempting to start process rank 1.
--------------------------------------------------------------------------
--------------------------------------------------------------------------
mpiexec was unable to launch the specified application as it could not access
or execute an executable:

Executable: /homes/DMA/PDC/2024/SSVLSN00P/Progetto1/progetto1
Node: wn274.scope.unina.it

while attempting to start process rank 1.
--------------------------------------------------------------------------
--------------------------------------------------------------------------
mpiexec was unable to launch the specified application as it could not access
or execute an executable:

Executable: /homes/DMA/PDC/2024/SSVLSN00P/Progetto1/progetto1
Node: wn274.scope.unina.it

while attempting to start process rank 1.
--------------------------------------------------------------------------
--------------------------------------------------------------------------
mpiexec was unable to launch the specified application as it could not access
or execute an executable:

Executable: /homes/DMA/PDC/2024/SSVLSN00P/Progetto1/progetto1
Node: wn273.scope.unina.it

while attempting to start process rank 0.
--------------------------------------------------------------------------
--------------------------------------------------------------------------
mpiexec was unable to launch the specified application as it could not access
or execute an executable:

Executable: /homes/DMA/PDC/2024/SSVLSN00P/Progetto1/progetto1
Node: wn273.scope.unina.it

while attempting to start process rank 0.
--------------------------------------------------------------------------
--------------------------------------------------------------------------
mpiexec was unable to launch the specified application as it could not access
or execute an executable:

Executable: /homes/DMA/PDC/2024/SSVLSN00P/Progetto1/progetto1
Node: wn273.scope.unina.it

while attempting to start process rank 0.
--------------------------------------------------------------------------
--------------------------------------------------------------------------
mpiexec was unable to launch the specified application as it could not access
or execute an executable:

Executable: /homes/DMA/PDC/2024/SSVLSN00P/Progetto1/progetto1
Node: wn274.scope.unina.it

while attempting to start process rank 1.
--------------------------------------------------------------------------
--------------------------------------------------------------------------
mpiexec was unable to launch the specified application as it could not access
or execute an executable:

Executable: /homes/DMA/PDC/2024/SSVLSN00P/Progetto1/progetto1
Node: wn274.scope.unina.it

while attempting to start process rank 1.
--------------------------------------------------------------------------
--------------------------------------------------------------------------
mpiexec was unable to launch the specified application as it could not access
or execute an executable:

Executable: /homes/DMA/PDC/2024/SSVLSN00P/Progetto1/progetto1
Node: wn274.scope.unina.it

while attempting to start process rank 1.
--------------------------------------------------------------------------
--------------------------------------------------------------------------
mpiexec was unable to launch the specified application as it could not access
or execute an executable:

Executable: /homes/DMA/PDC/2024/SSVLSN00P/Progetto1/progetto1
Node: wn276.scope.unina.it

while attempting to start process rank 3.
--------------------------------------------------------------------------
--------------------------------------------------------------------------
mpiexec was unable to launch the specified application as it could not access
or execute an executable:

Executable: /homes/DMA/PDC/2024/SSVLSN00P/Progetto1/progetto1
Node: wn274.scope.unina.it

while attempting to start process rank 1.
--------------------------------------------------------------------------
--------------------------------------------------------------------------
mpiexec was unable to launch the specified application as it could not access
or execute an executable:

Executable: /homes/DMA/PDC/2024/SSVLSN00P/Progetto1/progetto1
Node: wn273.scope.unina.it

while attempting to start process rank 0.
--------------------------------------------------------------------------
--------------------------------------------------------------------------
mpiexec was unable to launch the specified application as it could not access
or execute an executable:

Executable: /homes/DMA/PDC/2024/SSVLSN00P/Progetto1/progetto1
Node: wn274.scope.unina.it

while attempting to start process rank 1.
--------------------------------------------------------------------------
--------------------------------------------------------------------------
mpiexec was unable to launch the specified application as it could not access
or execute an executable:

Executable: /homes/DMA/PDC/2024/SSVLSN00P/Progetto1/progetto1
Node: wn274.scope.unina.it

while attempting to start process rank 1.
--------------------------------------------------------------------------
--------------------------------------------------------------------------
mpiexec was unable to launch the specified application as it could not access
or execute an executable:

Executable: /homes/DMA/PDC/2024/SSVLSN00P/Progetto1/progetto1
Node: wn273.scope.unina.it

while attempting to start process rank 0.
--------------------------------------------------------------------------
--------------------------------------------------------------------------
mpiexec was unable to launch the specified application as it could not access
or execute an executable:

Executable: /homes/DMA/PDC/2024/SSVLSN00P/Progetto1/progetto1
Node: wn273.scope.unina.it

while attempting to start process rank 0.
--------------------------------------------------------------------------
--------------------------------------------------------------------------
mpiexec was unable to launch the specified application as it could not access
or execute an executable:

Executable: /homes/DMA/PDC/2024/SSVLSN00P/Progetto1/progetto1
Node: wn274.scope.unina.it

while attempting to start process rank 1.
--------------------------------------------------------------------------
--------------------------------------------------------------------------
mpiexec was unable to launch the specified application as it could not access
or execute an executable:

Executable: /homes/DMA/PDC/2024/SSVLSN00P/Progetto1/progetto1
Node: wn276.scope.unina.it

while attempting to start process rank 3.
--------------------------------------------------------------------------
--------------------------------------------------------------------------
mpiexec was unable to launch the specified application as it could not access
or execute an executable:

Executable: /homes/DMA/PDC/2024/SSVLSN00P/Progetto1/progetto1
Node: wn276.scope.unina.it

while attempting to start process rank 3.
--------------------------------------------------------------------------
--------------------------------------------------------------------------
mpiexec was unable to launch the specified application as it could not access
or execute an executable:

Executable: /homes/DMA/PDC/2024/SSVLSN00P/Progetto1/progetto1
Node: wn273.scope.unina.it

while attempting to start process rank 0.
--------------------------------------------------------------------------
--------------------------------------------------------------------------
mpiexec was unable to launch the specified application as it could not access
or execute an executable:

Executable: /homes/DMA/PDC/2024/SSVLSN00P/Progetto1/progetto1
Node: wn273.scope.unina.it

while attempting to start process rank 0.
--------------------------------------------------------------------------
--------------------------------------------------------------------------
mpiexec was unable to launch the specified application as it could not access
or execute an executable:

Executable: /homes/DMA/PDC/2024/SSVLSN00P/Progetto1/progetto1
Node: wn274.scope.unina.it

while attempting to start process rank 1.
--------------------------------------------------------------------------
--------------------------------------------------------------------------
mpiexec was unable to launch the specified application as it could not access
or execute an executable:

Executable: /homes/DMA/PDC/2024/SSVLSN00P/Progetto1/progetto1
Node: wn274.scope.unina.it

while attempting to start process rank 1.
--------------------------------------------------------------------------
--------------------------------------------------------------------------
mpiexec was unable to launch the specified application as it could not access
or execute an executable:

Executable: /homes/DMA/PDC/2024/SSVLSN00P/Progetto1/progetto1
Node: wn276.scope.unina.it

while attempting to start process rank 3.
--------------------------------------------------------------------------
--------------------------------------------------------------------------
mpiexec was unable to launch the specified application as it could not access
or execute an executable:

Executable: /homes/DMA/PDC/2024/SSVLSN00P/Progetto1/progetto1
Node: wn274.scope.unina.it

while attempting to start process rank 1.
--------------------------------------------------------------------------
--------------------------------------------------------------------------
mpiexec was unable to launch the specified application as it could not access
or execute an executable:

Executable: /homes/DMA/PDC/2024/SSVLSN00P/Progetto1/progetto1
Node: wn274.scope.unina.it

while attempting to start process rank 1.
--------------------------------------------------------------------------
--------------------------------------------------------------------------
mpiexec was unable to launch the specified application as it could not access
or execute an executable:

Executable: /homes/DMA/PDC/2024/SSVLSN00P/Progetto1/progetto1
Node: wn273.scope.unina.it

while attempting to start process rank 0.
--------------------------------------------------------------------------
--------------------------------------------------------------------------
mpiexec was unable to launch the specified application as it could not access
or execute an executable:

Executable: /homes/DMA/PDC/2024/SSVLSN00P/Progetto1/progetto1
Node: wn273.scope.unina.it

while attempting to start process rank 0.
--------------------------------------------------------------------------
--------------------------------------------------------------------------
mpiexec was unable to launch the specified application as it could not access
or execute an executable:

Executable: /homes/DMA/PDC/2024/SSVLSN00P/Progetto1/progetto1
Node: wn274.scope.unina.it

while attempting to start process rank 1.
--------------------------------------------------------------------------
--------------------------------------------------------------------------
mpiexec was unable to launch the specified application as it could not access
or execute an executable:

Executable: /homes/DMA/PDC/2024/SSVLSN00P/Progetto1/progetto1
Node: wn273.scope.unina.it

while attempting to start process rank 0.
--------------------------------------------------------------------------
--------------------------------------------------------------------------
mpiexec was unable to launch the specified application as it could not access
or execute an executable:

Executable: /homes/DMA/PDC/2024/SSVLSN00P/Progetto1/progetto1
Node: wn276.scope.unina.it

while attempting to start process rank 3.
--------------------------------------------------------------------------
--------------------------------------------------------------------------
mpiexec was unable to launch the specified application as it could not access
or execute an executable:

Executable: /homes/DMA/PDC/2024/SSVLSN00P/Progetto1/progetto1
Node: wn274.scope.unina.it

while attempting to start process rank 1.
--------------------------------------------------------------------------
--------------------------------------------------------------------------
mpiexec was unable to launch the specified application as it could not access
or execute an executable:

Executable: /homes/DMA/PDC/2024/SSVLSN00P/Progetto1/progetto1
Node: wn274.scope.unina.it

while attempting to start process rank 1.
--------------------------------------------------------------------------
--------------------------------------------------------------------------
mpiexec was unable to launch the specified application as it could not access
or execute an executable:

Executable: /homes/DMA/PDC/2024/SSVLSN00P/Progetto1/progetto1
Node: wn273.scope.unina.it

while attempting to start process rank 0.
--------------------------------------------------------------------------
--------------------------------------------------------------------------
mpiexec was unable to launch the specified application as it could not access
or execute an executable:

Executable: /homes/DMA/PDC/2024/SSVLSN00P/Progetto1/progetto1
Node: wn274.scope.unina.it

while attempting to start process rank 1.
--------------------------------------------------------------------------
--------------------------------------------------------------------------
mpiexec was unable to launch the specified application as it could not access
or execute an executable:

Executable: /homes/DMA/PDC/2024/SSVLSN00P/Progetto1/progetto1
Node: wn274.scope.unina.it

while attempting to start process rank 1.
--------------------------------------------------------------------------
--------------------------------------------------------------------------
mpiexec was unable to launch the specified application as it could not access
or execute an executable:

Executable: /homes/DMA/PDC/2024/SSVLSN00P/Progetto1/progetto1
Node: wn276.scope.unina.it

while attempting to start process rank 3.
--------------------------------------------------------------------------
--------------------------------------------------------------------------
mpiexec was unable to launch the specified application as it could not access
or execute an executable:

Executable: /homes/DMA/PDC/2024/SSVLSN00P/Progetto1/progetto1
Node: wn273.scope.unina.it

while attempting to start process rank 0.
--------------------------------------------------------------------------
--------------------------------------------------------------------------
mpiexec was unable to launch the specified application as it could not access
or execute an executable:

Executable: /homes/DMA/PDC/2024/SSVLSN00P/Progetto1/progetto1
Node: wn273.scope.unina.it

while attempting to start process rank 0.
--------------------------------------------------------------------------
--------------------------------------------------------------------------
mpiexec was unable to launch the specified application as it could not access
or execute an executable:

Executable: /homes/DMA/PDC/2024/SSVLSN00P/Progetto1/progetto1
Node: wn274.scope.unina.it

while attempting to start process rank 1.
--------------------------------------------------------------------------
--------------------------------------------------------------------------
mpiexec was unable to launch the specified application as it could not access
or execute an executable:

Executable: /homes/DMA/PDC/2024/SSVLSN00P/Progetto1/progetto1
Node: wn274.scope.unina.it

while attempting to start process rank 1.
--------------------------------------------------------------------------
--------------------------------------------------------------------------
mpiexec was unable to launch the specified application as it could not access
or execute an executable:

Executable: /homes/DMA/PDC/2024/SSVLSN00P/Progetto1/progetto1
Node: wn274.scope.unina.it

while attempting to start process rank 1.
--------------------------------------------------------------------------
--------------------------------------------------------------------------
mpiexec was unable to launch the specified application as it could not access
or execute an executable:

Executable: /homes/DMA/PDC/2024/SSVLSN00P/Progetto1/progetto1
Node: wn274.scope.unina.it

while attempting to start process rank 1.
--------------------------------------------------------------------------
--------------------------------------------------------------------------
mpiexec was unable to launch the specified application as it could not access
or execute an executable:

Executable: /homes/DMA/PDC/2024/SSVLSN00P/Progetto1/progetto1
Node: wn274.scope.unina.it

while attempting to start process rank 1.
--------------------------------------------------------------------------
--------------------------------------------------------------------------
mpiexec was unable to launch the specified application as it could not access
or execute an executable:

Executable: /homes/DMA/PDC/2024/SSVLSN00P/Progetto1/progetto1
Node: wn273.scope.unina.it

while attempting to start process rank 0.
--------------------------------------------------------------------------
--------------------------------------------------------------------------
mpiexec was unable to launch the specified application as it could not access
or execute an executable:

Executable: /homes/DMA/PDC/2024/SSVLSN00P/Progetto1/progetto1
Node: wn274.scope.unina.it

while attempting to start process rank 1.
--------------------------------------------------------------------------
--------------------------------------------------------------------------
mpiexec was unable to launch the specified application as it could not access
or execute an executable:

Executable: /homes/DMA/PDC/2024/SSVLSN00P/Progetto1/progetto1
Node: wn274.scope.unina.it

while attempting to start process rank 1.
--------------------------------------------------------------------------
