--------------------------------------------------------------------------
mpiexec was unable to launch the specified application as it could not access
or execute an executable:

Executable: /homes/DMA/PDC/2024/SSVLSN00P/Progetto1/progetto1
Node: wn274.scope.unina.it

while attempting to start process rank 1.
--------------------------------------------------------------------------
--------------------------------------------------------------------------
mpiexec was unable to launch the specified application as it could not access
or execute an executable:

Executable: /homes/DMA/PDC/2024/SSVLSN00P/Progetto1/progetto1
Node: wn273.scope.unina.it

while attempting to start process rank 0.
--------------------------------------------------------------------------
--------------------------------------------------------------------------
mpiexec was unable to launch the specified application as it could not access
or execute an executable:

Executable: /homes/DMA/PDC/2024/SSVLSN00P/Progetto1/progetto1
Node: wn273.scope.unina.it

while attempting to start process rank 0.
--------------------------------------------------------------------------
--------------------------------------------------------------------------
mpiexec was unable to launch the specified application as it could not access
or execute an executable:

Executable: /homes/DMA/PDC/2024/SSVLSN00P/Progetto1/progetto1
Node: wn276.scope.unina.it

while attempting to start process rank 3.
--------------------------------------------------------------------------
--------------------------------------------------------------------------
mpiexec was unable to launch the specified application as it could not access
or execute an executable:

Executable: /homes/DMA/PDC/2024/SSVLSN00P/Progetto1/progetto1
Node: wn273.scope.unina.it

while attempting to start process rank 0.
--------------------------------------------------------------------------
--------------------------------------------------------------------------
mpiexec was unable to launch the specified application as it could not access
or execute an executable:

Executable: /homes/DMA/PDC/2024/SSVLSN00P/Progetto1/progetto1
Node: wn273.scope.unina.it

while attempting to start process rank 0.
--------------------------------------------------------------------------
--------------------------------------------------------------------------
mpiexec was unable to launch the specified application as it could not access
or execute an executable:

Executable: /homes/DMA/PDC/2024/SSVLSN00P/Progetto1/progetto1
Node: wn273.scope.unina.it

while attempting to start process rank 0.
--------------------------------------------------------------------------
--------------------------------------------------------------------------
mpiexec was unable to launch the specified application as it could not access
or execute an executable:

Executable: /homes/DMA/PDC/2024/SSVLSN00P/Progetto1/progetto1
Node: wn273.scope.unina.it

while attempting to start process rank 0.
--------------------------------------------------------------------------
--------------------------------------------------------------------------
mpiexec was unable to launch the specified application as it could not access
or execute an executable:

Executable: /homes/DMA/PDC/2024/SSVLSN00P/Progetto1/progetto1
Node: wn273.scope.unina.it

while attempting to start process rank 0.
--------------------------------------------------------------------------
--------------------------------------------------------------------------
mpiexec was unable to launch the specified application as it could not access
or execute an executable:

Executable: /homes/DMA/PDC/2024/SSVLSN00P/Progetto1/progetto1
Node: wn274.scope.unina.it

while attempting to start process rank 1.
--------------------------------------------------------------------------
--------------------------------------------------------------------------
mpiexec was unable to launch the specified application as it could not access
or execute an executable:

Executable: /homes/DMA/PDC/2024/SSVLSN00P/Progetto1/progetto1
Node: wn276.scope.unina.it

while attempting to start process rank 3.
--------------------------------------------------------------------------
--------------------------------------------------------------------------
mpiexec was unable to launch the specified application as it could not access
or execute an executable:

Executable: /homes/DMA/PDC/2024/SSVLSN00P/Progetto1/progetto1
Node: wn273.scope.unina.it

while attempting to start process rank 0.
--------------------------------------------------------------------------
--------------------------------------------------------------------------
mpiexec was unable to launch the specified application as it could not access
or execute an executable:

Executable: /homes/DMA/PDC/2024/SSVLSN00P/Progetto1/progetto1
Node: wn273.scope.unina.it

while attempting to start process rank 0.
--------------------------------------------------------------------------
--------------------------------------------------------------------------
mpiexec was unable to launch the specified application as it could not access
or execute an executable:

Executable: /homes/DMA/PDC/2024/SSVLSN00P/Progetto1/progetto1
Node: wn273.scope.unina.it

while attempting to start process rank 0.
--------------------------------------------------------------------------
--------------------------------------------------------------------------
mpiexec was unable to launch the specified application as it could not access
or execute an executable:

Executable: /homes/DMA/PDC/2024/SSVLSN00P/Progetto1/progetto1
Node: wn274.scope.unina.it

while attempting to start process rank 1.
--------------------------------------------------------------------------
--------------------------------------------------------------------------
mpiexec was unable to launch the specified application as it could not access
or execute an executable:

Executable: /homes/DMA/PDC/2024/SSVLSN00P/Progetto1/progetto1
Node: wn273.scope.unina.it

while attempting to start process rank 0.
--------------------------------------------------------------------------
--------------------------------------------------------------------------
mpiexec was unable to launch the specified application as it could not access
or execute an executable:

Executable: /homes/DMA/PDC/2024/SSVLSN00P/Progetto1/progetto1
Node: wn273.scope.unina.it

while attempting to start process rank 0.
--------------------------------------------------------------------------
--------------------------------------------------------------------------
mpiexec was unable to launch the specified application as it could not access
or execute an executable:

Executable: /homes/DMA/PDC/2024/SSVLSN00P/Progetto1/progetto1
Node: wn274.scope.unina.it

while attempting to start process rank 1.
--------------------------------------------------------------------------
--------------------------------------------------------------------------
mpiexec was unable to launch the specified application as it could not access
or execute an executable:

Executable: /homes/DMA/PDC/2024/SSVLSN00P/Progetto1/progetto1
Node: wn273.scope.unina.it

while attempting to start process rank 0.
--------------------------------------------------------------------------
--------------------------------------------------------------------------
mpiexec was unable to launch the specified application as it could not access
or execute an executable:

Executable: /homes/DMA/PDC/2024/SSVLSN00P/Progetto1/progetto1
Node: wn273.scope.unina.it

while attempting to start process rank 0.
--------------------------------------------------------------------------
--------------------------------------------------------------------------
mpiexec was unable to launch the specified application as it could not access
or execute an executable:

Executable: /homes/DMA/PDC/2024/SSVLSN00P/Progetto1/progetto1
Node: wn273.scope.unina.it

while attempting to start process rank 0.
--------------------------------------------------------------------------
--------------------------------------------------------------------------
mpiexec was unable to launch the specified application as it could not access
or execute an executable:

Executable: /homes/DMA/PDC/2024/SSVLSN00P/Progetto1/progetto1
Node: wn273.scope.unina.it

while attempting to start process rank 0.
--------------------------------------------------------------------------
--------------------------------------------------------------------------
mpiexec was unable to launch the specified application as it could not access
or execute an executable:

Executable: /homes/DMA/PDC/2024/SSVLSN00P/Progetto1/progetto1
Node: wn274.scope.unina.it

while attempting to start process rank 1.
--------------------------------------------------------------------------
--------------------------------------------------------------------------
mpiexec was unable to launch the specified application as it could not access
or execute an executable:

Executable: /homes/DMA/PDC/2024/SSVLSN00P/Progetto1/progetto1
Node: wn274.scope.unina.it

while attempting to start process rank 1.
--------------------------------------------------------------------------
--------------------------------------------------------------------------
mpiexec was unable to launch the specified application as it could not access
or execute an executable:

Executable: /homes/DMA/PDC/2024/SSVLSN00P/Progetto1/progetto1
Node: wn274.scope.unina.it

while attempting to start process rank 1.
--------------------------------------------------------------------------
[[4811,1],1][btl_openib_component.c:2951:handle_wc] from wn274.scope.unina.it to: wn273 error polling LP CQ with status LOCAL LENGTH ERROR status number 1 for wr_id 138399216 opcode 128  vendor error 105 qp_idx 3
--------------------------------------------------------------------------
mpiexec has exited due to process rank 1 with PID 4375 on
node wn274.scope.unina.it exiting without calling "finalize". This may
have caused other processes in the application to be
terminated by signals sent by mpiexec (as reported here).
--------------------------------------------------------------------------
[[4820,1],1][btl_openib_component.c:2951:handle_wc] from wn274.scope.unina.it to: wn273 error polling LP CQ with status LOCAL LENGTH ERROR status number 1 for wr_id 438955504 opcode 128  vendor error 105 qp_idx 3
--------------------------------------------------------------------------
mpiexec has exited due to process rank 1 with PID 4407 on
node wn274.scope.unina.it exiting without calling "finalize". This may
have caused other processes in the application to be
terminated by signals sent by mpiexec (as reported here).
--------------------------------------------------------------------------
[[4829,1],1][btl_openib_component.c:2951:handle_wc] from wn274.scope.unina.it to: wn273 error polling LP CQ with status LOCAL LENGTH ERROR status number 1 for wr_id 95362544 opcode 128  vendor error 105 qp_idx 3
--------------------------------------------------------------------------
mpiexec has exited due to process rank 1 with PID 4439 on
node wn274.scope.unina.it exiting without calling "finalize". This may
have caused other processes in the application to be
terminated by signals sent by mpiexec (as reported here).
--------------------------------------------------------------------------
[[4902,1],1][btl_openib_component.c:2951:handle_wc] from wn274.scope.unina.it to: wn273 error polling LP CQ with status LOCAL LENGTH ERROR status number 1 for wr_id 138788336 opcode 128  vendor error 105 qp_idx 3
--------------------------------------------------------------------------
mpiexec has exited due to process rank 1 with PID 4471 on
node wn274.scope.unina.it exiting without calling "finalize". This may
have caused other processes in the application to be
terminated by signals sent by mpiexec (as reported here).
--------------------------------------------------------------------------
=>> PBS: job killed: walltime 330 exceeded limit 300
mpiexec: killing job...

--------------------------------------------------------------------------
mpiexec noticed that process rank 1 with PID 4503 on node wn274.scope.unina.it exited on signal 0 (Unknown signal 0).
--------------------------------------------------------------------------
mpiexec: clean termination accomplished

