--------------------------------------------------------------------------
mpiexec was unable to launch the specified application as it could not access
or execute an executable:

Executable: /homes/DMA/PDC/2024/SSVLSN00P/Progetto1/progetto1
Node: wn274.scope.unina.it

while attempting to start process rank 1.
--------------------------------------------------------------------------
--------------------------------------------------------------------------
mpiexec was unable to launch the specified application as it could not access
or execute an executable:

Executable: /homes/DMA/PDC/2024/SSVLSN00P/Progetto1/progetto1
Node: wn274.scope.unina.it

while attempting to start process rank 1.
--------------------------------------------------------------------------
--------------------------------------------------------------------------
mpiexec was unable to launch the specified application as it could not access
or execute an executable:

Executable: /homes/DMA/PDC/2024/SSVLSN00P/Progetto1/progetto1
Node: wn273.scope.unina.it

while attempting to start process rank 0.
--------------------------------------------------------------------------
--------------------------------------------------------------------------
mpiexec was unable to launch the specified application as it could not access
or execute an executable:

Executable: /homes/DMA/PDC/2024/SSVLSN00P/Progetto1/progetto1
Node: wn273.scope.unina.it

while attempting to start process rank 0.
--------------------------------------------------------------------------
--------------------------------------------------------------------------
mpiexec was unable to launch the specified application as it could not access
or execute an executable:

Executable: /homes/DMA/PDC/2024/SSVLSN00P/Progetto1/progetto1
Node: wn276.scope.unina.it

while attempting to start process rank 3.
--------------------------------------------------------------------------
--------------------------------------------------------------------------
mpiexec was unable to launch the specified application as it could not access
or execute an executable:

Executable: /homes/DMA/PDC/2024/SSVLSN00P/Progetto1/progetto1
Node: wn273.scope.unina.it

while attempting to start process rank 0.
--------------------------------------------------------------------------
--------------------------------------------------------------------------
mpiexec was unable to launch the specified application as it could not access
or execute an executable:

Executable: /homes/DMA/PDC/2024/SSVLSN00P/Progetto1/progetto1
Node: wn273.scope.unina.it

while attempting to start process rank 0.
--------------------------------------------------------------------------
--------------------------------------------------------------------------
mpiexec was unable to launch the specified application as it could not access
or execute an executable:

Executable: /homes/DMA/PDC/2024/SSVLSN00P/Progetto1/progetto1
Node: wn273.scope.unina.it

while attempting to start process rank 0.
--------------------------------------------------------------------------
--------------------------------------------------------------------------
mpiexec was unable to launch the specified application as it could not access
or execute an executable:

Executable: /homes/DMA/PDC/2024/SSVLSN00P/Progetto1/progetto1
Node: wn273.scope.unina.it

while attempting to start process rank 0.
--------------------------------------------------------------------------
--------------------------------------------------------------------------
mpiexec was unable to launch the specified application as it could not access
or execute an executable:

Executable: /homes/DMA/PDC/2024/SSVLSN00P/Progetto1/progetto1
Node: wn273.scope.unina.it

while attempting to start process rank 0.
--------------------------------------------------------------------------
--------------------------------------------------------------------------
mpiexec was unable to launch the specified application as it could not access
or execute an executable:

Executable: /homes/DMA/PDC/2024/SSVLSN00P/Progetto1/progetto1
Node: wn274.scope.unina.it

while attempting to start process rank 1.
--------------------------------------------------------------------------
--------------------------------------------------------------------------
mpiexec was unable to launch the specified application as it could not access
or execute an executable:

Executable: /homes/DMA/PDC/2024/SSVLSN00P/Progetto1/progetto1
Node: wn273.scope.unina.it

while attempting to start process rank 0.
--------------------------------------------------------------------------
--------------------------------------------------------------------------
mpiexec was unable to launch the specified application as it could not access
or execute an executable:

Executable: /homes/DMA/PDC/2024/SSVLSN00P/Progetto1/progetto1
Node: wn273.scope.unina.it

while attempting to start process rank 0.
--------------------------------------------------------------------------
--------------------------------------------------------------------------
mpiexec was unable to launch the specified application as it could not access
or execute an executable:

Executable: /homes/DMA/PDC/2024/SSVLSN00P/Progetto1/progetto1
Node: wn273.scope.unina.it

while attempting to start process rank 0.
--------------------------------------------------------------------------
--------------------------------------------------------------------------
mpiexec was unable to launch the specified application as it could not access
or execute an executable:

Executable: /homes/DMA/PDC/2024/SSVLSN00P/Progetto1/progetto1
Node: wn273.scope.unina.it

while attempting to start process rank 0.
--------------------------------------------------------------------------
--------------------------------------------------------------------------
mpiexec was unable to launch the specified application as it could not access
or execute an executable:

Executable: /homes/DMA/PDC/2024/SSVLSN00P/Progetto1/progetto1
Node: wn273.scope.unina.it

while attempting to start process rank 0.
--------------------------------------------------------------------------
--------------------------------------------------------------------------
mpiexec was unable to launch the specified application as it could not access
or execute an executable:

Executable: /homes/DMA/PDC/2024/SSVLSN00P/Progetto1/progetto1
Node: wn273.scope.unina.it

while attempting to start process rank 0.
--------------------------------------------------------------------------
--------------------------------------------------------------------------
mpiexec was unable to launch the specified application as it could not access
or execute an executable:

Executable: /homes/DMA/PDC/2024/SSVLSN00P/Progetto1/progetto1
Node: wn274.scope.unina.it

while attempting to start process rank 1.
--------------------------------------------------------------------------
--------------------------------------------------------------------------
mpiexec was unable to launch the specified application as it could not access
or execute an executable:

Executable: /homes/DMA/PDC/2024/SSVLSN00P/Progetto1/progetto1
Node: wn273.scope.unina.it

while attempting to start process rank 0.
--------------------------------------------------------------------------
--------------------------------------------------------------------------
mpiexec was unable to launch the specified application as it could not access
or execute an executable:

Executable: /homes/DMA/PDC/2024/SSVLSN00P/Progetto1/progetto1
Node: wn273.scope.unina.it

while attempting to start process rank 0.
--------------------------------------------------------------------------
--------------------------------------------------------------------------
mpiexec was unable to launch the specified application as it could not access
or execute an executable:

Executable: /homes/DMA/PDC/2024/SSVLSN00P/Progetto1/progetto1
Node: wn274.scope.unina.it

while attempting to start process rank 1.
--------------------------------------------------------------------------
--------------------------------------------------------------------------
mpiexec was unable to launch the specified application as it could not access
or execute an executable:

Executable: /homes/DMA/PDC/2024/SSVLSN00P/Progetto1/progetto1
Node: wn273.scope.unina.it

while attempting to start process rank 0.
--------------------------------------------------------------------------
--------------------------------------------------------------------------
mpiexec was unable to launch the specified application as it could not access
or execute an executable:

Executable: /homes/DMA/PDC/2024/SSVLSN00P/Progetto1/progetto1
Node: wn274.scope.unina.it

while attempting to start process rank 1.
--------------------------------------------------------------------------
--------------------------------------------------------------------------
mpiexec was unable to launch the specified application as it could not access
or execute an executable:

Executable: /homes/DMA/PDC/2024/SSVLSN00P/Progetto1/progetto1
Node: wn273.scope.unina.it

while attempting to start process rank 0.
--------------------------------------------------------------------------
--------------------------------------------------------------------------
mpiexec was unable to launch the specified application as it could not access
or execute an executable:

Executable: /homes/DMA/PDC/2024/SSVLSN00P/Progetto1/progetto1
Node: wn276.scope.unina.it

while attempting to start process rank 3.
--------------------------------------------------------------------------
--------------------------------------------------------------------------
mpiexec was unable to launch the specified application as it could not access
or execute an executable:

Executable: /homes/DMA/PDC/2024/SSVLSN00P/Progetto1/progetto1
Node: wn273.scope.unina.it

while attempting to start process rank 0.
--------------------------------------------------------------------------
--------------------------------------------------------------------------
mpiexec was unable to launch the specified application as it could not access
or execute an executable:

Executable: /homes/DMA/PDC/2024/SSVLSN00P/Progetto1/progetto1
Node: wn274.scope.unina.it

while attempting to start process rank 1.
--------------------------------------------------------------------------
--------------------------------------------------------------------------
mpiexec was unable to launch the specified application as it could not access
or execute an executable:

Executable: /homes/DMA/PDC/2024/SSVLSN00P/Progetto1/progetto1
Node: wn273.scope.unina.it

while attempting to start process rank 0.
--------------------------------------------------------------------------
--------------------------------------------------------------------------
mpiexec was unable to launch the specified application as it could not access
or execute an executable:

Executable: /homes/DMA/PDC/2024/SSVLSN00P/Progetto1/progetto1
Node: wn274.scope.unina.it

while attempting to start process rank 1.
--------------------------------------------------------------------------
--------------------------------------------------------------------------
mpiexec was unable to launch the specified application as it could not access
or execute an executable:

Executable: /homes/DMA/PDC/2024/SSVLSN00P/Progetto1/progetto1
Node: wn273.scope.unina.it

while attempting to start process rank 0.
--------------------------------------------------------------------------
[[2067,1],1][btl_openib_component.c:2951:handle_wc] from wn274.scope.unina.it to: wn273 error polling LP CQ with status LOCAL LENGTH ERROR status number 1 for wr_id 353250800 opcode 128  vendor error 105 qp_idx 3
--------------------------------------------------------------------------
mpiexec has exited due to process rank 1 with PID 7632 on
node wn274.scope.unina.it exiting without calling "finalize". This may
have caused other processes in the application to be
terminated by signals sent by mpiexec (as reported here).
--------------------------------------------------------------------------
[[2076,1],1][btl_openib_component.c:2951:handle_wc] from wn274.scope.unina.it to: wn273 error polling LP CQ with status LOCAL LENGTH ERROR status number 1 for wr_id 325758448 opcode 128  vendor error 105 qp_idx 3
--------------------------------------------------------------------------
mpiexec has exited due to process rank 1 with PID 7664 on
node wn274.scope.unina.it exiting without calling "finalize". This may
have caused other processes in the application to be
terminated by signals sent by mpiexec (as reported here).
--------------------------------------------------------------------------
[[2149,1],1][btl_openib_component.c:2951:handle_wc] from wn274.scope.unina.it to: wn273 error polling LP CQ with status LOCAL LENGTH ERROR status number 1 for wr_id 312307184 opcode 128  vendor error 105 qp_idx 3
--------------------------------------------------------------------------
mpiexec has exited due to process rank 1 with PID 7696 on
node wn274.scope.unina.it exiting without calling "finalize". This may
have caused other processes in the application to be
terminated by signals sent by mpiexec (as reported here).
--------------------------------------------------------------------------
[[2158,1],1][btl_openib_component.c:2951:handle_wc] from wn274.scope.unina.it to: wn273 error polling LP CQ with status LOCAL LENGTH ERROR status number 1 for wr_id 527777264 opcode 128  vendor error 105 qp_idx 3
--------------------------------------------------------------------------
mpiexec has exited due to process rank 1 with PID 7728 on
node wn274.scope.unina.it exiting without calling "finalize". This may
have caused other processes in the application to be
terminated by signals sent by mpiexec (as reported here).
--------------------------------------------------------------------------
[[2167,1],1][btl_openib_component.c:2951:handle_wc] from wn274.scope.unina.it to: wn273 error polling LP CQ with status LOCAL LENGTH ERROR status number 1 for wr_id 187108848 opcode 128  vendor error 105 qp_idx 3
--------------------------------------------------------------------------
mpiexec has exited due to process rank 1 with PID 7760 on
node wn274.scope.unina.it exiting without calling "finalize". This may
have caused other processes in the application to be
terminated by signals sent by mpiexec (as reported here).
--------------------------------------------------------------------------
[[2112,1],1][btl_openib_component.c:2951:handle_wc] from wn274.scope.unina.it to: wn273 error polling LP CQ with status LOCAL LENGTH ERROR status number 1 for wr_id 227741168 opcode 128  vendor error 105 qp_idx 3
--------------------------------------------------------------------------
mpiexec has exited due to process rank 1 with PID 7792 on
node wn274.scope.unina.it exiting without calling "finalize". This may
have caused other processes in the application to be
terminated by signals sent by mpiexec (as reported here).
--------------------------------------------------------------------------
=>> PBS: job killed: walltime 330 exceeded limit 300
mpiexec: killing job...

--------------------------------------------------------------------------
mpiexec noticed that process rank 1 with PID 7824 on node wn274.scope.unina.it exited on signal 0 (Unknown signal 0).
--------------------------------------------------------------------------
mpiexec: clean termination accomplished

