---------------------------
This job is allocated on 8 CPU(s).
Job is running on node(s):
wn273.scope.unina.it
wn274.scope.unina.it
wn275.scope.unina.it
wn276.scope.unina.it
wn277.scope.unina.it
wn278.scope.unina.it
wn279.scope.unina.it
wn280.scope.unina.it
----------------------
PBS: qsub is running on ui-studenti.scope.unina.it
PBS: originating queue is studenti
PBS: executing queue is studenti
PBS: working directory is /homes/DMA/PDC/2024/SSVLSN00P/Progetto1
PBS: execution mode is PBS_BATCH
PBS: job identifier is 4015481.torque02.scope.unina.it
PBS: job name is progetto1_pbs_ridotto
PBS: node file is /var/spool/pbs/aux//4015481.torque02.scope.unina.it
PBS: current home directory is /homes/DMA/PDC/2024/SSVLSN00P
PBS: PATH = /usr/lib64/openmpi/1.2.7-gcc/bin:/usr/kerberos/bin:/opt/exp_soft/unina.it/intel/composer_xe_2013_sp1.3.174/bin/intel64:/opt/exp_soft/unina.it/intel/composer_xe_2013_sp1.3.174/mpirt/bin/intel64:/opt/exp_soft/unina.it/intel/composer_xe_2013_sp1.3.174/bin/intel64:/opt/exp_soft/unina.it/intel/composer_xe_2013_sp1.3.174/bin/intel64_mic:/opt/exp_soft/unina.it/intel/composer_xe_2013_sp1.3.174/debugger/gui/intel64:/opt/d-cache/srm/bin:/opt/d-cache/dcap/bin:/opt/edg/bin:/opt/glite/bin:/opt/globus/bin:/opt/lcg/bin:/usr/local/bin:/bin:/usr/bin:/opt/exp_soft/HADOOP/hadoop-1.0.3/bin:/opt/exp_soft/unina.it/intel/composerxe/bin/intel64/:/opt/exp_soft/unina.it/MPJExpress/mpj-v0_38/bin:/homes/DMA/PDC/2024/SSVLSN00P/bin
----------------------
Compiling /homes/DMA/PDC/2024/SSVLSN00P/Progetto1/progetto1.c
Executing 10 times /homes/DMA/PDC/2024/SSVLSN00P/Progetto1/progetto1 with STRATEGY=1, P=7, N=100000000
2 total processes failed to start
3 total processes failed to start
2 total processes failed to start
2 total processes failed to start
Executing 10 times /homes/DMA/PDC/2024/SSVLSN00P/Progetto1/progetto1 with STRATEGY=1, P=7, N=200000000
2 total processes failed to start
2 total processes failed to start
3 total processes failed to start
2 total processes failed to start
2 total processes failed to start
3 total processes failed to start
Executing 10 times /homes/DMA/PDC/2024/SSVLSN00P/Progetto1/progetto1 with STRATEGY=1, P=7, N=400000000

Sono il processo 0: Somma totale=19800593053.000000 in tempo 2.574449e-01 secondi

Sono il processo 0: Somma totale=19800155558.000000 in tempo 2.593141e-01 secondi

Sono il processo 0: Somma totale=19800062603.000000 in tempo 2.576199e-01 secondi

Sono il processo 0: Somma totale=19799609686.000000 in tempo 2.584419e-01 secondi

Sono il processo 0: Somma totale=19801068640.000000 in tempo 2.587218e-01 secondi

Sono il processo 0: Somma totale=19799572753.000000 in tempo 2.579999e-01 secondi

Sono il processo 0: Somma totale=19800321107.000000 in tempo 2.571480e-01 secondi

Sono il processo 0: Somma totale=19798892951.000000 in tempo 2.592230e-01 secondi

Sono il processo 0: Somma totale=19800774530.000000 in tempo 2.585380e-01 secondi

Sono il processo 0: Somma totale=19800181668.000000 in tempo 2.608588e-01 secondi
Executing 10 times /homes/DMA/PDC/2024/SSVLSN00P/Progetto1/progetto1 with STRATEGY=1, P=7, N=800000000

Sono il processo 0: Somma totale=39599871883.000000 in tempo 5.030448e-01 secondi
7 total processes killed (some possibly by mpiexec during cleanup)
