---------------------------
This job is allocated on 8 CPU(s).
Job is running on node(s):
wn273.scope.unina.it
wn274.scope.unina.it
wn275.scope.unina.it
wn276.scope.unina.it
wn277.scope.unina.it
wn278.scope.unina.it
wn279.scope.unina.it
wn280.scope.unina.it
----------------------
PBS: qsub is running on ui-studenti.scope.unina.it
PBS: originating queue is studenti
PBS: executing queue is studenti
PBS: working directory is /homes/DMA/PDC/2024/SSVLSN00P/Progetto1
PBS: execution mode is PBS_BATCH
PBS: job identifier is 4015479.torque02.scope.unina.it
PBS: job name is progetto1_pbs_ridotto
PBS: node file is /var/spool/pbs/aux//4015479.torque02.scope.unina.it
PBS: current home directory is /homes/DMA/PDC/2024/SSVLSN00P
PBS: PATH = /usr/lib64/openmpi/1.2.7-gcc/bin:/usr/kerberos/bin:/opt/exp_soft/unina.it/intel/composer_xe_2013_sp1.3.174/bin/intel64:/opt/exp_soft/unina.it/intel/composer_xe_2013_sp1.3.174/mpirt/bin/intel64:/opt/exp_soft/unina.it/intel/composer_xe_2013_sp1.3.174/bin/intel64:/opt/exp_soft/unina.it/intel/composer_xe_2013_sp1.3.174/bin/intel64_mic:/opt/exp_soft/unina.it/intel/composer_xe_2013_sp1.3.174/debugger/gui/intel64:/opt/d-cache/srm/bin:/opt/d-cache/dcap/bin:/opt/edg/bin:/opt/glite/bin:/opt/globus/bin:/opt/lcg/bin:/usr/local/bin:/bin:/usr/bin:/opt/exp_soft/HADOOP/hadoop-1.0.3/bin:/opt/exp_soft/unina.it/intel/composerxe/bin/intel64/:/opt/exp_soft/unina.it/MPJExpress/mpj-v0_38/bin:/homes/DMA/PDC/2024/SSVLSN00P/bin
----------------------
Compiling /homes/DMA/PDC/2024/SSVLSN00P/Progetto1/progetto1.c
Executing 10 times /homes/DMA/PDC/2024/SSVLSN00P/Progetto1/progetto1 with STRATEGY=1, P=5, N=100000000

Sono il processo 0: Somma totale=4950242462.000000 in tempo 8.554697e-02 secondi

Sono il processo 0: Somma totale=4949794954.000000 in tempo 8.555508e-02 secondi

Sono il processo 0: Somma totale=4950100527.000000 in tempo 8.547592e-02 secondi

Sono il processo 0: Somma totale=4950043631.000000 in tempo 8.562088e-02 secondi

Sono il processo 0: Somma totale=4950026934.000000 in tempo 8.569193e-02 secondi

Sono il processo 0: Somma totale=4950266332.000000 in tempo 8.557105e-02 secondi

Sono il processo 0: Somma totale=4950204686.000000 in tempo 8.556199e-02 secondi

Sono il processo 0: Somma totale=4950313726.000000 in tempo 8.556795e-02 secondi

Sono il processo 0: Somma totale=4950051892.000000 in tempo 8.564591e-02 secondi

Sono il processo 0: Somma totale=4950419520.000000 in tempo 8.550215e-02 secondi
Executing 10 times /homes/DMA/PDC/2024/SSVLSN00P/Progetto1/progetto1 with STRATEGY=1, P=5, N=200000000

Sono il processo 0: Somma totale=9899332588.000000 in tempo 1.710310e-01 secondi

Sono il processo 0: Somma totale=9900486495.000000 in tempo 1.708839e-01 secondi

Sono il processo 0: Somma totale=9899563267.000000 in tempo 1.709020e-01 secondi

Sono il processo 0: Somma totale=9899606294.000000 in tempo 1.710629e-01 secondi

Sono il processo 0: Somma totale=9899597936.000000 in tempo 1.709001e-01 secondi

Sono il processo 0: Somma totale=9899529688.000000 in tempo 1.711740e-01 secondi

Sono il processo 0: Somma totale=9900277293.000000 in tempo 1.709108e-01 secondi

Sono il processo 0: Somma totale=9898896307.000000 in tempo 1.712151e-01 secondi

Sono il processo 0: Somma totale=9900407864.000000 in tempo 1.718571e-01 secondi

Sono il processo 0: Somma totale=9900348275.000000 in tempo 1.710341e-01 secondi
Executing 10 times /homes/DMA/PDC/2024/SSVLSN00P/Progetto1/progetto1 with STRATEGY=1, P=5, N=400000000

Sono il processo 0: Somma totale=19799511479.000000 in tempo 3.419352e-01 secondi

Sono il processo 0: Somma totale=19800504088.000000 in tempo 3.418391e-01 secondi

Sono il processo 0: Somma totale=19799383137.000000 in tempo 3.417900e-01 secondi
5 total processes killed (some possibly by mpiexec during cleanup)
